CRITICAL - 2021-09-29 00:51:26 --> Invalid file: halaman/daftar_member.php
#0 C:\xampp\htdocs\booking-pustaka\vendor\codeigniter4\framework\system\View\View.php(198): CodeIgniter\Exceptions\FrameworkException::forInvalidFile('halaman/daftar_...')
#1 C:\xampp\htdocs\booking-pustaka\vendor\codeigniter4\framework\system\Common.php(1092): CodeIgniter\View\View->render('halaman/daftar_...', Array, true)
#2 C:\xampp\htdocs\booking-pustaka\app\Controllers\SelamatDatang.php(23): view('halaman/daftar_...')
#3 C:\xampp\htdocs\booking-pustaka\vendor\codeigniter4\framework\system\CodeIgniter.php(802): App\Controllers\SelamatDatang->daftar_member()
#4 C:\xampp\htdocs\booking-pustaka\vendor\codeigniter4\framework\system\CodeIgniter.php(399): CodeIgniter\CodeIgniter->runController(Object(App\Controllers\SelamatDatang))
#5 C:\xampp\htdocs\booking-pustaka\vendor\codeigniter4\framework\system\CodeIgniter.php(317): CodeIgniter\CodeIgniter->handleRequest(NULL, Object(Config\Cache), false)
#6 C:\xampp\htdocs\booking-pustaka\public\index.php(37): CodeIgniter\CodeIgniter->run()
#7 C:\xampp\htdocs\booking-pustaka\vendor\codeigniter4\framework\system\Commands\Server\rewrite.php(43): require_once('C:\\xampp\\htdocs...')
#8 {main}
CRITICAL - 2021-09-29 00:51:32 --> Invalid file: halaman/daftar_member.php
#0 C:\xampp\htdocs\booking-pustaka\vendor\codeigniter4\framework\system\View\View.php(198): CodeIgniter\Exceptions\FrameworkException::forInvalidFile('halaman/daftar_...')
#1 C:\xampp\htdocs\booking-pustaka\vendor\codeigniter4\framework\system\Common.php(1092): CodeIgniter\View\View->render('halaman/daftar_...', Array, true)
#2 C:\xampp\htdocs\booking-pustaka\app\Controllers\SelamatDatang.php(23): view('halaman/daftar_...')
#3 C:\xampp\htdocs\booking-pustaka\vendor\codeigniter4\framework\system\CodeIgniter.php(802): App\Controllers\SelamatDatang->daftar_member()
#4 C:\xampp\htdocs\booking-pustaka\vendor\codeigniter4\framework\system\CodeIgniter.php(399): CodeIgniter\CodeIgniter->runController(Object(App\Controllers\SelamatDatang))
#5 C:\xampp\htdocs\booking-pustaka\vendor\codeigniter4\framework\system\CodeIgniter.php(317): CodeIgniter\CodeIgniter->handleRequest(NULL, Object(Config\Cache), false)
#6 C:\xampp\htdocs\booking-pustaka\public\index.php(37): CodeIgniter\CodeIgniter->run()
#7 C:\xampp\htdocs\booking-pustaka\vendor\codeigniter4\framework\system\Commands\Server\rewrite.php(43): require_once('C:\\xampp\\htdocs...')
#8 {main}
CRITICAL - 2021-09-29 00:51:53 --> Invalid file: halaman/daftar_member.php
#0 C:\xampp\htdocs\booking-pustaka\vendor\codeigniter4\framework\system\View\View.php(198): CodeIgniter\Exceptions\FrameworkException::forInvalidFile('halaman/daftar_...')
#1 C:\xampp\htdocs\booking-pustaka\vendor\codeigniter4\framework\system\Common.php(1092): CodeIgniter\View\View->render('halaman/daftar_...', Array, true)
#2 C:\xampp\htdocs\booking-pustaka\app\Controllers\SelamatDatang.php(23): view('halaman/daftar_...')
#3 C:\xampp\htdocs\booking-pustaka\vendor\codeigniter4\framework\system\CodeIgniter.php(802): App\Controllers\SelamatDatang->daftar_member()
#4 C:\xampp\htdocs\booking-pustaka\vendor\codeigniter4\framework\system\CodeIgniter.php(399): CodeIgniter\CodeIgniter->runController(Object(App\Controllers\SelamatDatang))
#5 C:\xampp\htdocs\booking-pustaka\vendor\codeigniter4\framework\system\CodeIgniter.php(317): CodeIgniter\CodeIgniter->handleRequest(NULL, Object(Config\Cache), false)
#6 C:\xampp\htdocs\booking-pustaka\public\index.php(37): CodeIgniter\CodeIgniter->run()
#7 C:\xampp\htdocs\booking-pustaka\vendor\codeigniter4\framework\system\Commands\Server\rewrite.php(43): require_once('C:\\xampp\\htdocs...')
#8 {main}
CRITICAL - 2021-09-29 00:51:54 --> Invalid file: halaman/daftar_member.php
#0 C:\xampp\htdocs\booking-pustaka\vendor\codeigniter4\framework\system\View\View.php(198): CodeIgniter\Exceptions\FrameworkException::forInvalidFile('halaman/daftar_...')
#1 C:\xampp\htdocs\booking-pustaka\vendor\codeigniter4\framework\system\Common.php(1092): CodeIgniter\View\View->render('halaman/daftar_...', Array, true)
#2 C:\xampp\htdocs\booking-pustaka\app\Controllers\SelamatDatang.php(23): view('halaman/daftar_...')
#3 C:\xampp\htdocs\booking-pustaka\vendor\codeigniter4\framework\system\CodeIgniter.php(802): App\Controllers\SelamatDatang->daftar_member()
#4 C:\xampp\htdocs\booking-pustaka\vendor\codeigniter4\framework\system\CodeIgniter.php(399): CodeIgniter\CodeIgniter->runController(Object(App\Controllers\SelamatDatang))
#5 C:\xampp\htdocs\booking-pustaka\vendor\codeigniter4\framework\system\CodeIgniter.php(317): CodeIgniter\CodeIgniter->handleRequest(NULL, Object(Config\Cache), false)
#6 C:\xampp\htdocs\booking-pustaka\public\index.php(37): CodeIgniter\CodeIgniter->run()
#7 C:\xampp\htdocs\booking-pustaka\vendor\codeigniter4\framework\system\Commands\Server\rewrite.php(43): require_once('C:\\xampp\\htdocs...')
#8 {main}
CRITICAL - 2021-09-29 00:53:19 --> Invalid file: halaman/daftar-member.php
#0 C:\xampp\htdocs\booking-pustaka\vendor\codeigniter4\framework\system\View\View.php(198): CodeIgniter\Exceptions\FrameworkException::forInvalidFile('halaman/daftar-...')
#1 C:\xampp\htdocs\booking-pustaka\vendor\codeigniter4\framework\system\Common.php(1092): CodeIgniter\View\View->render('halaman/daftar-...', Array, true)
#2 C:\xampp\htdocs\booking-pustaka\app\Controllers\SelamatDatang.php(23): view('halaman/daftar-...')
#3 C:\xampp\htdocs\booking-pustaka\vendor\codeigniter4\framework\system\CodeIgniter.php(802): App\Controllers\SelamatDatang->daftar_member()
#4 C:\xampp\htdocs\booking-pustaka\vendor\codeigniter4\framework\system\CodeIgniter.php(399): CodeIgniter\CodeIgniter->runController(Object(App\Controllers\SelamatDatang))
#5 C:\xampp\htdocs\booking-pustaka\vendor\codeigniter4\framework\system\CodeIgniter.php(317): CodeIgniter\CodeIgniter->handleRequest(NULL, Object(Config\Cache), false)
#6 C:\xampp\htdocs\booking-pustaka\public\index.php(37): CodeIgniter\CodeIgniter->run()
#7 C:\xampp\htdocs\booking-pustaka\vendor\codeigniter4\framework\system\Commands\Server\rewrite.php(43): require_once('C:\\xampp\\htdocs...')
#8 {main}
